<?xml version="1.0" encoding="UTF-8"?>
<!-- Generated by org.testng.reporters.JUnitXMLReporter -->
<testsuite hostname="NIS-PK529s-MacBook-Pro.local" ignored="0" name="Command line test" tests="3" failures="1" timestamp="21 Oct 2022 14:15:42 GMT" time="31.815" errors="0">
  <testcase name="firstNameValidation" time="2.643" classname="toolsQA.automation.tests.RegistrationFormTest"/>
  <testcase name="lastNameValidation" time="2.612" classname="toolsQA.automation.tests.RegistrationFormTest"/>
  <testcase name="genderValidation" time="2.488" classname="toolsQA.automation.tests.RegistrationFormTest">
    <failure type="java.lang.AssertionError" message="expected [#dc3545] but found [#ffffff]">
      <![CDATA[java.lang.AssertionError: expected [#dc3545] but found [#ffffff]
at toolsQA.test.pageobjects.RegistrationPage.verifyGender(RegistrationPage.java:64)
at toolsQA.automation.tests.RegistrationFormTest.genderValidation(RegistrationFormTest.java:48)
... Removed 41 stack frames]]>
    </failure>
  </testcase> <!-- genderValidation -->
</testsuite> <!-- Command line test -->
