<?xml version="1.0" encoding="UTF-8"?>
<testng-results skipped="0" failed="1" ignored="0" total="3" passed="2">
  <reporter-output>
  </reporter-output>
  <suite name="Command line suite" duration-ms="31815" started-at="2022-10-21T14:15:10Z" finished-at="2022-10-21T14:15:42Z">
    <groups>
    </groups>
    <test name="Command line test" duration-ms="31815" started-at="2022-10-21T14:15:10Z" finished-at="2022-10-21T14:15:42Z">
      <class name="toolsQA.automation.tests.RegistrationFormTest">
        <test-method status="PASS" signature="loadRegistrationForm()[pri:0, instance:toolsQA.automation.tests.RegistrationFormTest@2ef5e5e3]" name="loadRegistrationForm" is-config="true" duration-ms="8410" started-at="2022-10-21T14:15:10Z" finished-at="2022-10-21T14:15:18Z">
          <reporter-output>
          </reporter-output>
        </test-method> <!-- loadRegistrationForm -->
        <test-method status="PASS" signature="firstNameValidation()[pri:1, instance:toolsQA.automation.tests.RegistrationFormTest@2ef5e5e3]" name="firstNameValidation" duration-ms="2643" started-at="2022-10-21T14:15:18Z" finished-at="2022-10-21T14:15:21Z">
          <reporter-output>
          </reporter-output>
        </test-method> <!-- firstNameValidation -->
        <test-method status="PASS" signature="teardown()[pri:0, instance:toolsQA.automation.tests.RegistrationFormTest@2ef5e5e3]" name="teardown" is-config="true" duration-ms="177" started-at="2022-10-21T14:15:21Z" finished-at="2022-10-21T14:15:21Z">
          <reporter-output>
          </reporter-output>
        </test-method> <!-- teardown -->
        <test-method status="PASS" signature="loadRegistrationForm()[pri:0, instance:toolsQA.automation.tests.RegistrationFormTest@2ef5e5e3]" name="loadRegistrationForm" is-config="true" duration-ms="7315" started-at="2022-10-21T14:15:21Z" finished-at="2022-10-21T14:15:28Z">
          <reporter-output>
          </reporter-output>
        </test-method> <!-- loadRegistrationForm -->
        <test-method status="PASS" signature="lastNameValidation()[pri:2, instance:toolsQA.automation.tests.RegistrationFormTest@2ef5e5e3]" name="lastNameValidation" duration-ms="2612" started-at="2022-10-21T14:15:28Z" finished-at="2022-10-21T14:15:31Z">
          <reporter-output>
          </reporter-output>
        </test-method> <!-- lastNameValidation -->
        <test-method status="PASS" signature="teardown()[pri:0, instance:toolsQA.automation.tests.RegistrationFormTest@2ef5e5e3]" name="teardown" is-config="true" duration-ms="172" started-at="2022-10-21T14:15:31Z" finished-at="2022-10-21T14:15:31Z">
          <reporter-output>
          </reporter-output>
        </test-method> <!-- teardown -->
        <test-method status="PASS" signature="loadRegistrationForm()[pri:0, instance:toolsQA.automation.tests.RegistrationFormTest@2ef5e5e3]" name="loadRegistrationForm" is-config="true" duration-ms="7796" started-at="2022-10-21T14:15:31Z" finished-at="2022-10-21T14:15:39Z">
          <reporter-output>
          </reporter-output>
        </test-method> <!-- loadRegistrationForm -->
        <test-method status="FAIL" signature="genderValidation()[pri:3, instance:toolsQA.automation.tests.RegistrationFormTest@2ef5e5e3]" name="genderValidation" duration-ms="2488" started-at="2022-10-21T14:15:39Z" finished-at="2022-10-21T14:15:42Z">
          <exception class="java.lang.AssertionError">
            <message>
              <![CDATA[expected [#dc3545] but found [#ffffff]]]>
            </message>
            <full-stacktrace>
              <![CDATA[java.lang.AssertionError: expected [#dc3545] but found [#ffffff]
at org.testng.Assert.fail(Assert.java:96)
at org.testng.Assert.failNotEquals(Assert.java:776)
at org.testng.Assert.assertEqualsImpl(Assert.java:137)
at org.testng.Assert.assertEquals(Assert.java:118)
at org.testng.Assert.assertEquals(Assert.java:453)
at org.testng.Assert.assertEquals(Assert.java:463)
at toolsQA.test.pageobjects.RegistrationPage.verifyGender(RegistrationPage.java:64)
at toolsQA.automation.tests.RegistrationFormTest.genderValidation(RegistrationFormTest.java:48)
at sun.reflect.NativeMethodAccessorImpl.invoke0(Native Method)
at sun.reflect.NativeMethodAccessorImpl.invoke(NativeMethodAccessorImpl.java:62)
at sun.reflect.DelegatingMethodAccessorImpl.invoke(DelegatingMethodAccessorImpl.java:43)
at java.lang.reflect.Method.invoke(Method.java:498)
at org.testng.internal.MethodInvocationHelper.invokeMethod(MethodInvocationHelper.java:124)
at org.testng.internal.Invoker.invokeMethod(Invoker.java:583)
at org.testng.internal.Invoker.invokeTestMethod(Invoker.java:719)
at org.testng.internal.Invoker.invokeTestMethods(Invoker.java:989)
at org.testng.internal.TestMethodWorker.invokeTestMethods(TestMethodWorker.java:125)
at org.testng.internal.TestMethodWorker.run(TestMethodWorker.java:109)
at org.testng.TestRunner.privateRun(TestRunner.java:648)
at org.testng.TestRunner.run(TestRunner.java:505)
at org.testng.SuiteRunner.runTest(SuiteRunner.java:455)
at org.testng.SuiteRunner.runSequentially(SuiteRunner.java:450)
at org.testng.SuiteRunner.privateRun(SuiteRunner.java:415)
at org.testng.SuiteRunner.run(SuiteRunner.java:364)
at org.testng.SuiteRunnerWorker.runSuite(SuiteRunnerWorker.java:52)
at org.testng.SuiteRunnerWorker.run(SuiteRunnerWorker.java:84)
at org.testng.TestNG.runSuitesSequentially(TestNG.java:1208)
at org.testng.TestNG.runSuitesLocally(TestNG.java:1137)
at org.testng.TestNG.runSuites(TestNG.java:1049)
at org.testng.TestNG.run(TestNG.java:1017)
at org.apache.maven.surefire.testng.TestNGExecutor.run(TestNGExecutor.java:77)
at org.apache.maven.surefire.testng.TestNGDirectoryTestSuite.executeMulti(TestNGDirectoryTestSuite.java:159)
at org.apache.maven.surefire.testng.TestNGDirectoryTestSuite.execute(TestNGDirectoryTestSuite.java:99)
at org.apache.maven.surefire.testng.TestNGProvider.invoke(TestNGProvider.java:106)
at sun.reflect.NativeMethodAccessorImpl.invoke0(Native Method)
at sun.reflect.NativeMethodAccessorImpl.invoke(NativeMethodAccessorImpl.java:62)
at sun.reflect.DelegatingMethodAccessorImpl.invoke(DelegatingMethodAccessorImpl.java:43)
at java.lang.reflect.Method.invoke(Method.java:498)
at org.apache.maven.surefire.util.ReflectionUtils.invokeMethodWithArray(ReflectionUtils.java:189)
at org.apache.maven.surefire.booter.ProviderFactory$ProviderProxy.invoke(ProviderFactory.java:165)
at org.apache.maven.surefire.booter.ProviderFactory.invokeProvider(ProviderFactory.java:85)
at org.apache.maven.surefire.booter.ForkedBooter.runSuitesInProcess(ForkedBooter.java:115)
at org.apache.maven.surefire.booter.ForkedBooter.main(ForkedBooter.java:75)
]]>
            </full-stacktrace>
          </exception> <!-- java.lang.AssertionError -->
          <reporter-output>
          </reporter-output>
        </test-method> <!-- genderValidation -->
        <test-method status="PASS" signature="teardown()[pri:0, instance:toolsQA.automation.tests.RegistrationFormTest@2ef5e5e3]" name="teardown" is-config="true" duration-ms="181" started-at="2022-10-21T14:15:42Z" finished-at="2022-10-21T14:15:42Z">
          <reporter-output>
          </reporter-output>
        </test-method> <!-- teardown -->
      </class> <!-- toolsQA.automation.tests.RegistrationFormTest -->
    </test> <!-- Command line test -->
  </suite> <!-- Command line suite -->
</testng-results>
